<?xml version="1.0" encoding="UTF-8"?>
<testng-results ignored="0" total="1" passed="1" failed="0" skipped="0">
  <reporter-output>
  </reporter-output>
  <suite started-at="2022-11-23T16:04:42 IST" name="Suite" finished-at="2022-11-23T16:04:42 IST" duration-ms="82">
    <groups>
    </groups>
    <test started-at="2022-11-23T16:04:42 IST" name="Test" finished-at="2022-11-23T16:04:42 IST" duration-ms="82">
      <class name="PractisePackage.Sample1Test">
        <test-method signature="script1()[pri:0, instance:PractisePackage.Sample1Test@57af006c]" started-at="2022-11-23T16:04:42 IST" name="script1" finished-at="2022-11-23T16:04:42 IST" duration-ms="14" status="PASS">
          <reporter-output>
          </reporter-output>
        </test-method> <!-- script1 -->
      </class> <!-- PractisePackage.Sample1Test -->
    </test> <!-- Test -->
  </suite> <!-- Suite -->
</testng-results>
